<?xml version="1.0" encoding="UTF-8"?>
<!-- Generated by org.testng.reporters.JUnitReportReporter -->
<testsuite hostname="DELL" failures="0" tests="1" name="vTiger.Practice.TestNGPractice" time="0.012" errors="0" timestamp="2022-12-03T17:37:15 IST" skipped="0">
  <testcase classname="vTiger.Practice.TestNGPractice" name="createCustomerTest" time="0.012"/>
  <system-out/>
</testsuite> <!-- vTiger.Practice.TestNGPractice -->
