<?xml version="1.0" encoding="UTF-8"?>
<!-- Generated by org.testng.reporters.JUnitReportReporter -->
<testsuite hostname="DELL" failures="0" tests="1" name="vTiger.Practice.BaseclassPractice" time="0.009" errors="0" timestamp="2022-12-03T17:39:40 IST" skipped="0">
  <testcase classname="vTiger.Practice.BaseclassPractice" name="test" time="0.009"/>
  <system-out/>
</testsuite> <!-- vTiger.Practice.BaseclassPractice -->
