<?xml version="1.0" encoding="UTF-8"?>
<!-- Generated by org.testng.reporters.JUnitReportReporter -->
<testsuite hostname="DELL" failures="0" tests="3" name="vTiger.Practice.Baseclasspractice1" time="0.015" errors="0" timestamp="2022-12-03T17:41:52 IST" skipped="0">
  <testcase classname="vTiger.Practice.Baseclasspractice1" name="test" time="0.009"/>
  <system-out/>
  <testcase classname="vTiger.Practice.Baseclasspractice1" name="test3" time="0.003"/>
  <system-out/>
  <testcase classname="vTiger.Practice.Baseclasspractice1" name="test2" time="0.003"/>
  <system-out/>
</testsuite> <!-- vTiger.Practice.Baseclasspractice1 -->
