<?xml version="1.0" encoding="UTF-8"?>
<!-- Generated by org.testng.reporters.JUnitReportReporter -->
<testsuite hostname="DELL" failures="0" tests="2" name="vTiger.Practice.TestngPractice4" time="0.011" errors="0" timestamp="2022-11-22T13:16:27 IST" skipped="1">
  <testcase classname="vTiger.Practice.TestngPractice4" name="createCustomerTest" time="0.011"/>
  <system-out/>
  <testcase classname="vTiger.Practice.TestngPractice4" name="deletCustomerTest">
    <skipped/>
  </testcase> <!-- deletCustomerTest -->
  <system-out/>
</testsuite> <!-- vTiger.Practice.TestngPractice4 -->
