<?xml version="1.0" encoding="UTF-8"?>
<!-- Generated by org.testng.reporters.JUnitReportReporter -->
<testsuite hostname="DELL" failures="0" tests="2" name="vTiger.Practice.Testngpractice1$TestNGPractice" time="0.018" errors="0" timestamp="2022-12-03T17:15:47 IST" skipped="0">
  <testcase classname="vTiger.Practice.Testngpractice1$TestNGPractice" name="createCustomerTest" time="0.004"/>
  <system-out/>
  <testcase classname="vTiger.Practice.Testngpractice1$TestNGPractice" name="createCustomerTest" time="0.014"/>
  <system-out/>
</testsuite> <!-- vTiger.Practice.Testngpractice1$TestNGPractice -->
